0 info it worked if it ends with ok
1 verbose cli [ '/usr/local/bin/node', '/usr/local/bin/npm', 'view', '?' ]
2 info using npm@2.15.0
3 info using node@v4.4.2
4 silly mapToRegistry name homebridge-gpio-wpi
5 silly mapToRegistry using default registry
6 silly mapToRegistry registry https://registry.npmjs.org/
7 silly mapToRegistry data Result {
7 silly mapToRegistry   raw: 'homebridge-gpio-wpi',
7 silly mapToRegistry   scope: null,
7 silly mapToRegistry   name: 'homebridge-gpio-wpi',
7 silly mapToRegistry   rawSpec: '',
7 silly mapToRegistry   spec: 'latest',
7 silly mapToRegistry   type: 'tag' }
8 silly mapToRegistry uri https://registry.npmjs.org/homebridge-gpio-wpi
9 verbose request uri https://registry.npmjs.org/homebridge-gpio-wpi
10 verbose request no auth needed
11 info attempt registry request try #1 at 8:04:58 PM
12 verbose request using bearer token for auth
13 verbose request id d4948169637aaabd
14 http request GET https://registry.npmjs.org/homebridge-gpio-wpi
15 http 404 https://registry.npmjs.org/homebridge-gpio-wpi
16 verbose headers { 'content-type': 'application/json',
16 verbose headers   'cache-control': 'max-age=0',
16 verbose headers   'content-length': '2',
16 verbose headers   'accept-ranges': 'bytes',
16 verbose headers   date: 'Thu, 07 Apr 2016 19:04:58 GMT',
16 verbose headers   via: '1.1 varnish',
16 verbose headers   connection: 'keep-alive',
16 verbose headers   'x-served-by': 'cache-lhr6334-LHR',
16 verbose headers   'x-cache': 'MISS',
16 verbose headers   'x-cache-hits': '0',
16 verbose headers   'x-timer': 'S1460055898.466449,VS0,VE178',
16 verbose headers   vary: 'Accept-Encoding' }
17 silly get cb [ 404,
17 silly get   { 'content-type': 'application/json',
17 silly get     'cache-control': 'max-age=0',
17 silly get     'content-length': '2',
17 silly get     'accept-ranges': 'bytes',
17 silly get     date: 'Thu, 07 Apr 2016 19:04:58 GMT',
17 silly get     via: '1.1 varnish',
17 silly get     connection: 'keep-alive',
17 silly get     'x-served-by': 'cache-lhr6334-LHR',
17 silly get     'x-cache': 'MISS',
17 silly get     'x-cache-hits': '0',
17 silly get     'x-timer': 'S1460055898.466449,VS0,VE178',
17 silly get     vary: 'Accept-Encoding' } ]
18 verbose stack Error: Registry returned 404 for GET on https://registry.npmjs.org/homebridge-gpio-wpi
18 verbose stack     at makeError (/usr/local/lib/node_modules/npm/node_modules/npm-registry-client/lib/request.js:264:12)
18 verbose stack     at CachingRegistryClient.<anonymous> (/usr/local/lib/node_modules/npm/node_modules/npm-registry-client/lib/request.js:242:14)
18 verbose stack     at Request._callback (/usr/local/lib/node_modules/npm/node_modules/npm-registry-client/lib/request.js:172:14)
18 verbose stack     at Request.self.callback (/usr/local/lib/node_modules/npm/node_modules/request/request.js:199:22)
18 verbose stack     at emitTwo (events.js:87:13)
18 verbose stack     at Request.emit (events.js:172:7)
18 verbose stack     at Request.<anonymous> (/usr/local/lib/node_modules/npm/node_modules/request/request.js:1036:10)
18 verbose stack     at emitOne (events.js:82:20)
18 verbose stack     at Request.emit (events.js:169:7)
18 verbose stack     at IncomingMessage.<anonymous> (/usr/local/lib/node_modules/npm/node_modules/request/request.js:963:12)
19 verbose statusCode 404
20 verbose pkgid homebridge-gpio-wpi
21 verbose cwd /Users/richard/Documents/homebridge-gpio-wpi
22 error Darwin 15.4.0
23 error argv "/usr/local/bin/node" "/usr/local/bin/npm" "view" "?"
24 error node v4.4.2
25 error npm  v2.15.0
26 error code E404
27 error 404 Registry returned 404 for GET on https://registry.npmjs.org/homebridge-gpio-wpi
27 error 404
27 error 404 'homebridge-gpio-wpi' is not in the npm registry.
27 error 404 You should bug the author to publish it (or use the name yourself!)
27 error 404
27 error 404 Note that you can also install from a
27 error 404 tarball, folder, http url, or git url.
28 verbose exit [ 1, true ]
